<?xml version="1.0" encoding="UTF-8"?>
<testng-results ignored="0" total="5" passed="5" failed="0" skipped="0">
  <reporter-output>
  </reporter-output>
  <suite started-at="2023-02-20T20:02:22 IST" name="Default suite" finished-at="2023-02-20T20:02:31 IST" duration-ms="9157">
    <groups>
    </groups>
    <test started-at="2023-02-20T20:02:22 IST" name="Default test" finished-at="2023-02-20T20:02:31 IST" duration-ms="9157">
      <class name="Tests.LoginAndTest">
        <test-method is-config="true" signature="launchBrowser()[pri:0, instance:Tests.LoginAndTest@8f2ef19]" started-at="2023-02-20T20:02:15 IST" name="launchBrowser" finished-at="2023-02-20T20:02:22 IST" duration-ms="7101" status="PASS">
          <reporter-output>
          </reporter-output>
        </test-method> <!-- launchBrowser -->
        <test-method is-config="true" signature="launchURL()[pri:0, instance:Tests.LoginAndTest@8f2ef19]" started-at="2023-02-20T20:02:22 IST" name="launchURL" finished-at="2023-02-20T20:02:25 IST" duration-ms="3314" status="PASS">
          <reporter-output>
          </reporter-output>
        </test-method> <!-- launchURL -->
        <test-method is-config="true" signature="waitMethod()[pri:0, instance:Tests.LoginAndTest@8f2ef19]" started-at="2023-02-20T20:02:25 IST" name="waitMethod" finished-at="2023-02-20T20:02:25 IST" duration-ms="10" status="PASS">
          <reporter-output>
          </reporter-output>
        </test-method> <!-- waitMethod -->
        <test-method signature="enterUserName()[pri:1, instance:Tests.LoginAndTest@8f2ef19]" started-at="2023-02-20T20:02:25 IST" name="enterUserName" finished-at="2023-02-20T20:02:27 IST" duration-ms="1398" status="PASS">
          <reporter-output>
          </reporter-output>
        </test-method> <!-- enterUserName -->
        <test-method is-config="true" signature="waitMethod()[pri:0, instance:Tests.LoginAndTest@8f2ef19]" started-at="2023-02-20T20:02:27 IST" name="waitMethod" finished-at="2023-02-20T20:02:27 IST" duration-ms="43" status="PASS">
          <reporter-output>
          </reporter-output>
        </test-method> <!-- waitMethod -->
        <test-method signature="enterPassword()[pri:2, instance:Tests.LoginAndTest@8f2ef19]" started-at="2023-02-20T20:02:27 IST" name="enterPassword" finished-at="2023-02-20T20:02:27 IST" duration-ms="355" status="PASS">
          <reporter-output>
          </reporter-output>
        </test-method> <!-- enterPassword -->
        <test-method is-config="true" signature="waitMethod()[pri:0, instance:Tests.LoginAndTest@8f2ef19]" started-at="2023-02-20T20:02:27 IST" name="waitMethod" finished-at="2023-02-20T20:02:27 IST" duration-ms="9" status="PASS">
          <reporter-output>
          </reporter-output>
        </test-method> <!-- waitMethod -->
        <test-method signature="clickLogin()[pri:3, instance:Tests.LoginAndTest@8f2ef19]" started-at="2023-02-20T20:02:27 IST" name="clickLogin" finished-at="2023-02-20T20:02:28 IST" duration-ms="1293" status="PASS">
          <reporter-output>
          </reporter-output>
        </test-method> <!-- clickLogin -->
        <test-method is-config="true" signature="waitMethod()[pri:0, instance:Tests.LoginAndTest@8f2ef19]" started-at="2023-02-20T20:02:28 IST" name="waitMethod" finished-at="2023-02-20T20:02:28 IST" duration-ms="7" status="PASS">
          <reporter-output>
          </reporter-output>
        </test-method> <!-- waitMethod -->
        <test-method signature="clickPaul()[pri:4, instance:Tests.LoginAndTest@8f2ef19]" started-at="2023-02-20T20:02:28 IST" name="clickPaul" finished-at="2023-02-20T20:02:29 IST" duration-ms="563" status="PASS">
          <reporter-output>
          </reporter-output>
        </test-method> <!-- clickPaul -->
        <test-method is-config="true" signature="waitMethod()[pri:0, instance:Tests.LoginAndTest@8f2ef19]" started-at="2023-02-20T20:02:29 IST" name="waitMethod" finished-at="2023-02-20T20:02:29 IST" duration-ms="27" status="PASS">
          <reporter-output>
          </reporter-output>
        </test-method> <!-- waitMethod -->
        <test-method signature="clickSignout()[pri:5, instance:Tests.LoginAndTest@8f2ef19]" started-at="2023-02-20T20:02:29 IST" name="clickSignout" finished-at="2023-02-20T20:02:31 IST" duration-ms="2006" status="PASS">
          <reporter-output>
          </reporter-output>
        </test-method> <!-- clickSignout -->
        <test-method is-config="true" signature="closeBrowser()[pri:0, instance:Tests.LoginAndTest@8f2ef19]" started-at="2023-02-20T20:02:31 IST" name="closeBrowser" finished-at="2023-02-20T20:02:33 IST" duration-ms="1324" status="PASS">
          <reporter-output>
          </reporter-output>
        </test-method> <!-- closeBrowser -->
      </class> <!-- Tests.LoginAndTest -->
    </test> <!-- Default test -->
  </suite> <!-- Default suite -->
</testng-results>
