<?xml version="1.0" encoding="UTF-8"?>
<!-- Generated by org.testng.reporters.JUnitXMLReporter -->
<testsuite ignored="0" hostname="LAPTOP-3BL16AQ1" failures="0" tests="5" name="Default test" time="9.157" errors="0" timestamp="2023-02-20T20:02:31 IST">
  <testcase classname="Tests.LoginAndTest" name="enterUserName" time="1.398"/>
  <testcase classname="Tests.LoginAndTest" name="enterPassword" time="0.355"/>
  <testcase classname="Tests.LoginAndTest" name="clickLogin" time="1.293"/>
  <testcase classname="Tests.LoginAndTest" name="clickPaul" time="0.563"/>
  <testcase classname="Tests.LoginAndTest" name="clickSignout" time="2.006"/>
</testsuite> <!-- Default test -->
