<?xml version="1.0" encoding="UTF-8"?>
<!-- Generated by org.testng.reporters.JUnitXMLReporter -->
<testsuite ignored="0" hostname="LAPTOP-3BL16AQ1" failures="0" tests="9" name="Test" time="29.438" errors="0" timestamp="2023-02-14T19:39:20 IST">
  <testcase classname="TestNG.LoginToOrangeHRM" name="enterUserName" time="1.378"/>
  <testcase classname="TestNG.LoginToOrangeHRM_Edge" name="enterUserName" time="1.324"/>
  <testcase classname="TestNG.LoginToOrangeHRM2" name="enterUserName" time="1.628"/>
  <testcase classname="TestNG.LoginToOrangeHRM" name="enterPassword" time="0.582"/>
  <testcase classname="TestNG.LoginToOrangeHRM_Edge" name="enterPassword" time="0.319"/>
  <testcase classname="TestNG.LoginToOrangeHRM2" name="enterPassword" time="0.61"/>
  <testcase classname="TestNG.LoginToOrangeHRM" name="clickLogin" time="2.243"/>
  <testcase classname="TestNG.LoginToOrangeHRM_Edge" name="clickLogin" time="1.936"/>
  <testcase classname="TestNG.LoginToOrangeHRM2" name="clickLogin" time="1.315"/>
</testsuite> <!-- Test -->
